Performing C++ SOURCE FILE Test HAVE_UINT128_T failed with the following output:
Change Dir: /home/lokesh/psc-ns3-psc-6.0/build/CMakeFiles/CMakeTmp

Run Build Command(s):/usr/bin/ninja cmTC_58898 && [1/2] Building CXX object CMakeFiles/cmTC_58898.dir/src.cxx.o
FAILED: CMakeFiles/cmTC_58898.dir/src.cxx.o 
/usr/bin/g++ -DHAVE_UINT128_T  -fPIE -std=gnu++17 -o CMakeFiles/cmTC_58898.dir/src.cxx.o -c /home/lokesh/psc-ns3-psc-6.0/build/CMakeFiles/CMakeTmp/src.cxx
/home/lokesh/psc-ns3-psc-6.0/build/CMakeFiles/CMakeTmp/src.cxx: In function ‘int main(int, char**)’:
/home/lokesh/psc-ns3-psc-6.0/build/CMakeFiles/CMakeTmp/src.cxx:5:18: error: ‘uint128_t’ was not declared in this scope; did you mean ‘uint8_t’?
    5 |             if ((uint128_t *) 0) return 0;
      |                  ^~~~~~~~~
      |                  uint8_t
/home/lokesh/psc-ns3-psc-6.0/build/CMakeFiles/CMakeTmp/src.cxx:5:29: error: expected primary-expression before ‘)’ token
    5 |             if ((uint128_t *) 0) return 0;
      |                             ^
/home/lokesh/psc-ns3-psc-6.0/build/CMakeFiles/CMakeTmp/src.cxx:5:30: error: expected ‘)’ before numeric constant
    5 |             if ((uint128_t *) 0) return 0;
      |                ~             ^~
      |                              )
/home/lokesh/psc-ns3-psc-6.0/build/CMakeFiles/CMakeTmp/src.cxx:6:25: error: ‘uint128_t’ was not declared in this scope; did you mean ‘uint8_t’?
    6 |             if (sizeof (uint128_t)) return 0;
      |                         ^~~~~~~~~
      |                         uint8_t
ninja: build stopped: subcommand failed.


Source file was:
#include <stdint.h>
       int main(int argc, char **argv)
         {
            (void)argc; (void)argv;
            if ((uint128_t *) 0) return 0;
            if (sizeof (uint128_t)) return 0;
            return 1;
         }
Determining if the include file net/netmap_user.h exists failed with the following output:
Change Dir: /home/lokesh/psc-ns3-psc-6.0/build/CMakeFiles/CMakeTmp

Run Build Command(s):/usr/bin/ninja cmTC_1e091 && [1/2] Building CXX object CMakeFiles/cmTC_1e091.dir/CheckIncludeFile.cxx.o
FAILED: CMakeFiles/cmTC_1e091.dir/CheckIncludeFile.cxx.o 
/usr/bin/g++   -fPIE -std=gnu++17 -o CMakeFiles/cmTC_1e091.dir/CheckIncludeFile.cxx.o -c /home/lokesh/psc-ns3-psc-6.0/build/CMakeFiles/CMakeTmp/CheckIncludeFile.cxx
/home/lokesh/psc-ns3-psc-6.0/build/CMakeFiles/CMakeTmp/CheckIncludeFile.cxx:1:10: fatal error: net/netmap_user.h: No such file or directory
    1 | #include <net/netmap_user.h>
      |          ^~~~~~~~~~~~~~~~~~~
compilation terminated.
ninja: build stopped: subcommand failed.



